Starting audit...
[ERROR] C:\InformationSystem\.\myFiles\zadanie9.java:3: Using the '.*' form of import should be avoided - java.io.*. [AvoidStarImport]
[ERROR] C:\InformationSystem\.\myFiles\zadanie9.java:6: Missing a Javadoc comment. [JavadocType]
[ERROR] C:\InformationSystem\.\myFiles\zadanie9.java:6:1: Utility classes should not have a public or default constructor. [HideUtilityClassConstructor]
[ERROR] C:\InformationSystem\.\myFiles\zadanie9.java:6:14: Name 'zadanie9' must match pattern '^[A-Z][a-zA-Z0-9]*$'. [TypeName]
[ERROR] C:\InformationSystem\.\myFiles\zadanie9.java:7:5: Missing a Javadoc comment. [JavadocVariable]
[ERROR] C:\InformationSystem\.\myFiles\zadanie9.java:7:23: Variable 'count' must be private and have accessor methods. [VisibilityModifier]
[ERROR] C:\InformationSystem\.\myFiles\zadanie9.java:7:31: '3' is a magic number. [MagicNumber]
[ERROR] C:\InformationSystem\.\myFiles\zadanie9.java:8:5: Missing a Javadoc comment. [JavadocVariable]
[ERROR] C:\InformationSystem\.\myFiles\zadanie9.java:8:23: Variable 'lastLocalMax' must be private and have accessor methods. [VisibilityModifier]
[ERROR] C:\InformationSystem\.\myFiles\zadanie9.java:9:5: Missing a Javadoc comment. [JavadocVariable]
[ERROR] C:\InformationSystem\.\myFiles\zadanie9.java:9:23: Variable 'minDistance' must be private and have accessor methods. [VisibilityModifier]
[ERROR] C:\InformationSystem\.\myFiles\zadanie9.java:10:5: Missing a Javadoc comment. [JavadocVariable]
[ERROR] C:\InformationSystem\.\myFiles\zadanie9.java:10:23: Variable 'first' must be private and have accessor methods. [VisibilityModifier]
[ERROR] C:\InformationSystem\.\myFiles\zadanie9.java:11:5: Missing a Javadoc comment. [JavadocVariable]
[ERROR] C:\InformationSystem\.\myFiles\zadanie9.java:11:23: Variable 'second' must be private and have accessor methods. [VisibilityModifier]
[ERROR] C:\InformationSystem\.\myFiles\zadanie9.java:12:5: Missing a Javadoc comment. [JavadocVariable]
[ERROR] C:\InformationSystem\.\myFiles\zadanie9.java:12:23: Variable 'third' must be private and have accessor methods. [VisibilityModifier]
[ERROR] C:\InformationSystem\.\myFiles\zadanie9.java:13:29: Parameter args should be final. [FinalParameters]
[ERROR] C:\InformationSystem\.\myFiles\zadanie9.java:22:23: '{' is not preceded with whitespace. [WhitespaceAround]
[ERROR] C:\InformationSystem\.\myFiles\zadanie9.java:25: 'if' construct must use '{}'s. [NeedBraces]
[ERROR] C:\InformationSystem\.\myFiles\zadanie9.java:29: Line is longer than 80 characters (found 83). [LineLength]
[ERROR] C:\InformationSystem\.\myFiles\zadanie9.java:31:29: Parameter x should be final. [FinalParameters]
[ERROR] C:\InformationSystem\.\myFiles\zadanie9.java:31:35: '{' is not preceded with whitespace. [WhitespaceAround]
[ERROR] C:\InformationSystem\.\myFiles\zadanie9.java:38:31: '{' is not preceded with whitespace. [WhitespaceAround]
[ERROR] C:\InformationSystem\.\myFiles\zadanie9.java:39:50: '{' is not preceded with whitespace. [WhitespaceAround]
[ERROR] C:\InformationSystem\.\myFiles\zadanie9.java:40:15: 'if' is not followed by whitespace. [WhitespaceAfter]
[ERROR] C:\InformationSystem\.\myFiles\zadanie9.java:40:34: '{' is not preceded with whitespace. [WhitespaceAround]
[ERROR] C:\InformationSystem\.\myFiles\zadanie9.java:42:14: 'else' is not preceded with whitespace. [WhitespaceAround]
[ERROR] C:\InformationSystem\.\myFiles\zadanie9.java:42:14: '}' is not followed by whitespace. [WhitespaceAround]
[ERROR] C:\InformationSystem\.\myFiles\zadanie9.java:42:18: 'else' is not followed by whitespace. [WhitespaceAfter]
[ERROR] C:\InformationSystem\.\myFiles\zadanie9.java:42:18: '{' is not preceded with whitespace. [WhitespaceAround]
[ERROR] C:\InformationSystem\.\myFiles\zadanie9.java:43:19: 'if' is not followed by whitespace. [WhitespaceAfter]
[ERROR] C:\InformationSystem\.\myFiles\zadanie9.java:43:37: '{' is not preceded with whitespace. [WhitespaceAround]
[ERROR] C:\InformationSystem\.\myFiles\zadanie9.java:45:43: '-' is not followed by whitespace. [WhitespaceAround]
[ERROR] C:\InformationSystem\.\myFiles\zadanie9.java:46:18: 'else' is not preceded with whitespace. [WhitespaceAround]
[ERROR] C:\InformationSystem\.\myFiles\zadanie9.java:46:18: '}' is not followed by whitespace. [WhitespaceAround]
[ERROR] C:\InformationSystem\.\myFiles\zadanie9.java:46:22: 'else' is not followed by whitespace. [WhitespaceAfter]
[ERROR] C:\InformationSystem\.\myFiles\zadanie9.java:46:22: '{' is not preceded with whitespace. [WhitespaceAround]
[ERROR] C:\InformationSystem\.\myFiles\zadanie9.java:47:23: 'if' is not followed by whitespace. [WhitespaceAfter]
[ERROR] C:\InformationSystem\.\myFiles\zadanie9.java:47:63: '{' is not preceded with whitespace. [WhitespaceAround]
[ERROR] C:\InformationSystem\.\myFiles\zadanie9.java:49:47: '-' is not followed by whitespace. [WhitespaceAround]
[ERROR] C:\InformationSystem\.\myFiles\zadanie9.java:50:22: 'else' is not preceded with whitespace. [WhitespaceAround]
[ERROR] C:\InformationSystem\.\myFiles\zadanie9.java:50:22: '}' is not followed by whitespace. [WhitespaceAround]
[ERROR] C:\InformationSystem\.\myFiles\zadanie9.java:50:26: 'else' is not followed by whitespace. [WhitespaceAfter]
[ERROR] C:\InformationSystem\.\myFiles\zadanie9.java:50:26: '{' is not preceded with whitespace. [WhitespaceAround]
[ERROR] C:\InformationSystem\.\myFiles\zadanie9.java:51:47: '-' is not followed by whitespace. [WhitespaceAround]
Audit done.
Checkstyle ends with 46 errors.
